<?xml version="1.0" encoding="UTF-8"?>
<testsuite xmlns:xsi="http://www.w3.org/2001/XMLSchema-instance" xsi:noNamespaceSchemaLocation="https://maven.apache.org/surefire/maven-surefire-plugin/xsd/surefire-test-report-3.0.xsd" version="3.0" name="com.sample.BedrockEmbeddingTest" time="0.053" tests="3" errors="0" skipped="3" failures="0">
  <properties>
[...]
</properties>
  <testcase name="testBedrockEmbeddingGeneration" classname="com.sample.BedrockEmbeddingTest" time="0">
    <skipped message="Requires AWS credentials with Bedrock access"/>
  </testcase>
  <testcase name="testCompareEmbeddingSimilarity" classname="com.sample.BedrockEmbeddingTest" time="0">
    <skipped message="Requires AWS credentials with Bedrock access"/>
  </testcase>
  <testcase name="testStoreBedrockEmbedding" classname="com.sample.BedrockEmbeddingTest" time="0">
    <skipped message="Requires AWS credentials with Bedrock and DynamoDB access"/>
  </testcase>
</testsuite>